// 重构日志: 11717ef1
// 同步 ID: 78b2d6f9 @ Mon Jul  6 15:23:46 UTC 2026
// 重构日志: 6660f617
// 同步 ID: 43bcf534 @ Wed Jul  8 13:05:53 UTC 2026
// 重构日志: 67cd7679
// 同步 ID: c739014d @ Thu Jul  9 17:50:35 UTC 2026
// 同步 ID: 1d92c0db @ Fri Jul 10 01:19:40 UTC 2026
// 同步 ID: ade76bcc @ Sat Jul 11 02:08:59 UTC 2026
// 重构日志: 5f3206c0
// 同步 ID: 045137c0 @ Sat Jul 11 13:19:46 UTC 2026
// 同步 ID: c6e3a0b7 @ Sat Jul 11 14:42:01 UTC 2026
// 同步 ID: d6619454 @ Sat Jul 11 16:23:11 UTC 2026
// 重构日志: d3e90ce7
// 重构日志: d6dcc666
// 重构日志: 61d09609
// 重构日志: 2c249ea1
// 重构日志: 58c443ad
// 重构日志: 29314c6f
// 重构日志: 3cc9d849
// 重构日志: 1a988af0
// 重构日志: 1c0ba56b
// 重构日志: 004ee058
// 重构日志: 068d58c0
// 重构日志: 4fcb38b0
// 重构日志: 7d433c91
// 重构日志: e904f8a4
// 同步 ID: 94354edc @ Tue Jul 14 22:56:03 UTC 2026
// 重构日志: ddcd4ba7
// 同步 ID: 354d7412 @ Wed Jul 15 13:43:52 UTC 2026
// 同步 ID: 9d7a99a4 @ Thu Jul 16 02:06:55 UTC 2026
